<?xml version="1.0" encoding="utf-8"?><testsuites name="pytest tests"><testsuite name="pytest" errors="0" failures="0" skipped="0" tests="22" time="4.015" timestamp="2026-08-02T05:30:31.562554+00:00" hostname="agent-env-023a44d7-4e3e-4528-8df9-03181f0dd6a6"><testcase classname="tests.backend_test.TestSuperAdmin" name="test_dashboard" time="2.223" /><testcase classname="tests.backend_test.TestAuth" name="test_superadmin_login" time="2.221" /><testcase classname="tests.backend_test.TestAuth" name="test_restaurant_login" time="0.000" /><testcase classname="tests.backend_test.TestAuth" name="test_gerente_login" time="0.000" /><testcase classname="tests.backend_test.TestAuth" name="test_representante_login" time="0.000" /><testcase classname="tests.backend_test.TestAuth" name="test_bad_login" time="0.327" /><testcase classname="tests.backend_test.TestSuperAdmin" name="test_restaurants_list" time="0.098" /><testcase classname="tests.backend_test.TestSuperAdmin" name="test_agents_list" time="0.231" /><testcase classname="tests.backend_test.TestAuth" name="test_me" time="0.100" /><testcase classname="tests.backend_test.TestSuperAdmin" name="test_forbidden_for_agent" time="0.093" /><testcase classname="tests.backend_test.TestSuperAdmin" name="test_plans" time="0.098" /><testcase classname="tests.backend_test.TestAuth" name="test_me_unauthorized" time="0.137" /><testcase classname="tests.backend_test.TestSuperAdmin" name="test_settings" time="0.103" /><testcase classname="tests.backend_test.TestAgent" name="test_gerente_dashboard" time="0.140" /><testcase classname="tests.backend_test.TestPublic" name="test_public_menu_default" time="0.129" /><testcase classname="tests.backend_test.TestAgent" name="test_representante_dashboard" time="0.154" /><testcase classname="tests.backend_test.TestPublic" name="test_public_menu_by_slug" time="0.286" /><testcase classname="tests.backend_test.TestAgent" name="test_agent_restaurants" time="0.104" /><testcase classname="tests.backend_test.TestAgent" name="test_gerente_representatives" time="0.140" /><testcase classname="tests.backend_test.TestPublic" name="test_public_menu_unknown_slug" time="0.114" /><testcase classname="tests.backend_test.TestRestaurant" name="test_restaurant_dashboard_or_similar" time="0.098" /><testcase classname="tests.backend_test" name="test_api_root" time="0.099" /></testsuite></testsuites>