<?xml version="1.0" encoding="utf-8"?><testsuites name="pytest tests"><testsuite name="pytest" errors="0" failures="0" skipped="0" tests="22" time="48.954" timestamp="2026-08-02T04:18:11.064278+00:00" hostname="agent-env-023a44d7-4e3e-4528-8df9-03181f0dd6a6"><testcase classname="tests.backend_test.TestAuth" name="test_superadmin_login" time="1.962" /><testcase classname="tests.backend_test.TestAuth" name="test_restaurant_login" time="0.000" /><testcase classname="tests.backend_test.TestAuth" name="test_gerente_login" time="0.000" /><testcase classname="tests.backend_test.TestAuth" name="test_representante_login" time="0.000" /><testcase classname="tests.backend_test.TestAuth" name="test_bad_login" time="0.508" /><testcase classname="tests.backend_test.TestSuperAdmin" name="test_dashboard" time="17.378" /><testcase classname="tests.backend_test.TestAuth" name="test_me" time="15.115" /><testcase classname="tests.backend_test.TestSuperAdmin" name="test_restaurants_list" time="0.171" /><testcase classname="tests.backend_test.TestSuperAdmin" name="test_agents_list" time="0.106" /><testcase classname="tests.backend_test.TestAuth" name="test_me_unauthorized" time="0.095" /><testcase classname="tests.backend_test.TestSuperAdmin" name="test_forbidden_for_agent" time="0.104" /><testcase classname="tests.backend_test.TestAgent" name="test_gerente_dashboard" time="0.142" /><testcase classname="tests.backend_test.TestSuperAdmin" name="test_plans" time="11.304" /><testcase classname="tests.backend_test.TestAgent" name="test_representante_dashboard" time="15.129" /><testcase classname="tests.backend_test.TestSuperAdmin" name="test_settings" time="0.132" /><testcase classname="tests.backend_test.TestPublic" name="test_public_menu_default" time="0.129" /><testcase classname="tests.backend_test.TestPublic" name="test_public_menu_by_slug" time="7.451" /><testcase classname="tests.backend_test.TestAgent" name="test_agent_restaurants" time="0.161" /><testcase classname="tests.backend_test.TestAgent" name="test_gerente_representatives" time="0.105" /><testcase classname="tests.backend_test.TestRestaurant" name="test_restaurant_dashboard_or_similar" time="15.116" /><testcase classname="tests.backend_test.TestPublic" name="test_public_menu_unknown_slug" time="0.106" /><testcase classname="tests.backend_test" name="test_api_root" time="2.152" /></testsuite></testsuites>